{"C:\\Users\\Admin\\Desktop\\Kiro Week 5\\src\\browseEngine.js": {"path":"C:\\Users\\Admin\\Desktop\\Kiro Week 5\\src\\browseEngine.js","statementMap":{"0":{"start":{"line":13,"column":2},"end":{"line":15,"column":3}},"1":{"start":{"line":14,"column":4},"end":{"line":14,"column":14}},"2":{"start":{"line":18,"column":2},"end":{"line":22,"column":5}},"3":{"start":{"line":19,"column":18},"end":{"line":19,"column":38}},"4":{"start":{"line":20,"column":18},"end":{"line":20,"column":38}},"5":{"start":{"line":21,"column":4},"end":{"line":21,"column":38}},"6":{"start":{"line":34,"column":2},"end":{"line":42,"column":3}},"7":{"start":{"line":35,"column":4},"end":{"line":41,"column":6}},"8":{"start":{"line":45,"column":20},"end":{"line":45,"column":49}},"9":{"start":{"line":46,"column":21},"end":{"line":46,"column":51}},"10":{"start":{"line":49,"column":25},"end":{"line":49,"column":41}},"11":{"start":{"line":52,"column":21},"end":{"line":52,"column":42}},"12":{"start":{"line":53,"column":21},"end":{"line":53,"column":55}},"13":{"start":{"line":56,"column":22},"end":{"line":56,"column":66}},"14":{"start":{"line":59,"column":21},"end":{"line":59,"column":51}},"15":{"start":{"line":60,"column":19},"end":{"line":60,"column":42}},"16":{"start":{"line":63,"column":16},"end":{"line":63,"column":58}},"17":{"start":{"line":65,"column":2},"end":{"line":71,"column":4}},"18":{"start":{"line":80,"column":2},"end":{"line":82,"column":3}},"19":{"start":{"line":81,"column":4},"end":{"line":81,"column":13}},"20":{"start":{"line":83,"column":2},"end":{"line":83,"column":25}},"21":{"start":{"line":86,"column":0},"end":{"line":90,"column":2}}},"fnMap":{"0":{"name":"browse","decl":{"start":{"line":11,"column":9},"end":{"line":11,"column":15}},"loc":{"start":{"line":11,"column":26},"end":{"line":23,"column":1}},"line":11},"1":{"name":"(anonymous_1)","decl":{"start":{"line":18,"column":28},"end":{"line":18,"column":29}},"loc":{"start":{"line":18,"column":38},"end":{"line":22,"column":3}},"line":18},"2":{"name":"paginate","decl":{"start":{"line":32,"column":9},"end":{"line":32,"column":17}},"loc":{"start":{"line":32,"column":50},"end":{"line":72,"column":1}},"line":32},"3":{"name":"getTermCount","decl":{"start":{"line":79,"column":9},"end":{"line":79,"column":21}},"loc":{"start":{"line":79,"column":32},"end":{"line":84,"column":1}},"line":79}},"branchMap":{"0":{"loc":{"start":{"line":13,"column":2},"end":{"line":15,"column":3}},"type":"if","locations":[{"start":{"line":13,"column":2},"end":{"line":15,"column":3}},{"start":{},"end":{}}],"line":13},"1":{"loc":{"start":{"line":32,"column":28},"end":{"line":32,"column":36}},"type":"default-arg","locations":[{"start":{"line":32,"column":35},"end":{"line":32,"column":36}}],"line":32},"2":{"loc":{"start":{"line":32,"column":38},"end":{"line":32,"column":48}},"type":"default-arg","locations":[{"start":{"line":32,"column":46},"end":{"line":32,"column":48}}],"line":32},"3":{"loc":{"start":{"line":34,"column":2},"end":{"line":42,"column":3}},"type":"if","locations":[{"start":{"line":34,"column":2},"end":{"line":42,"column":3}},{"start":{},"end":{}}],"line":34},"4":{"loc":{"start":{"line":80,"column":2},"end":{"line":82,"column":3}},"type":"if","locations":[{"start":{"line":80,"column":2},"end":{"line":82,"column":3}},{"start":{},"end":{}}],"line":80}},"s":{"0":291,"1":2,"2":289,"3":3021,"4":3021,"5":3021,"6":183,"7":1,"8":182,"9":182,"10":182,"11":182,"12":182,"13":182,"14":182,"15":182,"16":182,"17":182,"18":106,"19":2,"20":104,"21":1},"f":{"0":291,"1":3021,"2":183,"3":106},"b":{"0":[2,289],"1":[1],"2":[1],"3":[1,182],"4":[2,104]},"_coverageSchema":"1a1c01bbd47fc00a2c39e90264f33305004495a9","hash":"57bca193b976a4da420345accd27914c1bcaf57d"}
,"C:\\Users\\Admin\\Desktop\\Kiro Week 5\\src\\dataLoader.js": {"path":"C:\\Users\\Admin\\Desktop\\Kiro Week 5\\src\\dataLoader.js","statementMap":{"0":{"start":{"line":6,"column":11},"end":{"line":6,"column":24}},"1":{"start":{"line":7,"column":13},"end":{"line":7,"column":28}},"2":{"start":{"line":8,"column":30},"end":{"line":8,"column":53}},"3":{"start":{"line":29,"column":16},"end":{"line":29,"column":18}},"4":{"start":{"line":30,"column":17},"end":{"line":30,"column":19}},"5":{"start":{"line":32,"column":2},"end":{"line":150,"column":3}},"6":{"start":{"line":34,"column":20},"end":{"line":34,"column":54}},"7":{"start":{"line":35,"column":18},"end":{"line":35,"column":37}},"8":{"start":{"line":37,"column":22},"end":{"line":37,"column":26}},"9":{"start":{"line":38,"column":25},"end":{"line":38,"column":29}},"10":{"start":{"line":39,"column":20},"end":{"line":39,"column":21}},"11":{"start":{"line":41,"column":4},"end":{"line":137,"column":5}},"12":{"start":{"line":41,"column":17},"end":{"line":41,"column":18}},"13":{"start":{"line":42,"column":19},"end":{"line":42,"column":27}},"14":{"start":{"line":43,"column":26},"end":{"line":43,"column":37}},"15":{"start":{"line":46,"column":6},"end":{"line":48,"column":7}},"16":{"start":{"line":47,"column":8},"end":{"line":47,"column":17}},"17":{"start":{"line":51,"column":6},"end":{"line":79,"column":7}},"18":{"start":{"line":53,"column":8},"end":{"line":60,"column":9}},"19":{"start":{"line":54,"column":29},"end":{"line":54,"column":59}},"20":{"start":{"line":55,"column":10},"end":{"line":59,"column":11}},"21":{"start":{"line":56,"column":12},"end":{"line":56,"column":36}},"22":{"start":{"line":58,"column":12},"end":{"line":58,"column":87}},"23":{"start":{"line":63,"column":25},"end":{"line":63,"column":56}},"24":{"start":{"line":64,"column":8},"end":{"line":64,"column":20}},"25":{"start":{"line":65,"column":8},"end":{"line":76,"column":10}},"26":{"start":{"line":77,"column":8},"end":{"line":77,"column":30}},"27":{"start":{"line":78,"column":8},"end":{"line":78,"column":17}},"28":{"start":{"line":82,"column":6},"end":{"line":84,"column":7}},"29":{"start":{"line":83,"column":8},"end":{"line":83,"column":17}},"30":{"start":{"line":87,"column":6},"end":{"line":91,"column":7}},"31":{"start":{"line":88,"column":8},"end":{"line":88,"column":84}},"32":{"start":{"line":89,"column":8},"end":{"line":89,"column":30}},"33":{"start":{"line":90,"column":8},"end":{"line":90,"column":17}},"34":{"start":{"line":94,"column":6},"end":{"line":98,"column":7}},"35":{"start":{"line":95,"column":8},"end":{"line":95,"column":99}},"36":{"start":{"line":96,"column":8},"end":{"line":96,"column":30}},"37":{"start":{"line":97,"column":8},"end":{"line":97,"column":17}},"38":{"start":{"line":101,"column":6},"end":{"line":104,"column":7}},"39":{"start":{"line":102,"column":8},"end":{"line":102,"column":41}},"40":{"start":{"line":103,"column":8},"end":{"line":103,"column":17}},"41":{"start":{"line":107,"column":6},"end":{"line":110,"column":7}},"42":{"start":{"line":108,"column":8},"end":{"line":108,"column":43}},"43":{"start":{"line":109,"column":8},"end":{"line":109,"column":17}},"44":{"start":{"line":113,"column":6},"end":{"line":122,"column":7}},"45":{"start":{"line":114,"column":24},"end":{"line":114,"column":55}},"46":{"start":{"line":115,"column":8},"end":{"line":120,"column":9}},"47":{"start":{"line":116,"column":10},"end":{"line":119,"column":13}},"48":{"start":{"line":121,"column":8},"end":{"line":121,"column":17}},"49":{"start":{"line":125,"column":6},"end":{"line":136,"column":7}},"50":{"start":{"line":126,"column":8},"end":{"line":134,"column":9}},"51":{"start":{"line":127,"column":10},"end":{"line":127,"column":101}},"52":{"start":{"line":128,"column":15},"end":{"line":134,"column":9}},"53":{"start":{"line":129,"column":10},"end":{"line":129,"column":111}},"54":{"start":{"line":130,"column":15},"end":{"line":134,"column":9}},"55":{"start":{"line":131,"column":10},"end":{"line":131,"column":119}},"56":{"start":{"line":132,"column":15},"end":{"line":134,"column":9}},"57":{"start":{"line":133,"column":10},"end":{"line":133,"column":115}},"58":{"start":{"line":135,"column":8},"end":{"line":135,"column":17}},"59":{"start":{"line":140,"column":4},"end":{"line":147,"column":5}},"60":{"start":{"line":141,"column":25},"end":{"line":141,"column":55}},"61":{"start":{"line":142,"column":6},"end":{"line":146,"column":7}},"62":{"start":{"line":143,"column":8},"end":{"line":143,"column":32}},"63":{"start":{"line":145,"column":8},"end":{"line":145,"column":83}},"64":{"start":{"line":149,"column":4},"end":{"line":149,"column":56}},"65":{"start":{"line":152,"column":2},"end":{"line":152,"column":27}},"66":{"start":{"line":161,"column":2},"end":{"line":161,"column":40}},"67":{"start":{"line":164,"column":0},"end":{"line":167,"column":2}}},"fnMap":{"0":{"name":"parseProductMarkdown","decl":{"start":{"line":28,"column":9},"end":{"line":28,"column":29}},"loc":{"start":{"line":28,"column":40},"end":{"line":153,"column":1}},"line":28},"1":{"name":"loadDatabase","decl":{"start":{"line":160,"column":9},"end":{"line":160,"column":21}},"loc":{"start":{"line":160,"column":77},"end":{"line":162,"column":1}},"line":160}},"branchMap":{"0":{"loc":{"start":{"line":46,"column":6},"end":{"line":48,"column":7}},"type":"if","locations":[{"start":{"line":46,"column":6},"end":{"line":48,"column":7}},{"start":{},"end":{}}],"line":46},"1":{"loc":{"start":{"line":46,"column":10},"end":{"line":46,"column":56}},"type":"binary-expr","locations":[{"start":{"line":46,"column":10},"end":{"line":46,"column":22}},{"start":{"line":46,"column":26},"end":{"line":46,"column":56}}],"line":46},"2":{"loc":{"start":{"line":51,"column":6},"end":{"line":79,"column":7}},"type":"if","locations":[{"start":{"line":51,"column":6},"end":{"line":79,"column":7}},{"start":{},"end":{}}],"line":51},"3":{"loc":{"start":{"line":53,"column":8},"end":{"line":60,"column":9}},"type":"if","locations":[{"start":{"line":53,"column":8},"end":{"line":60,"column":9}},{"start":{},"end":{}}],"line":53},"4":{"loc":{"start":{"line":55,"column":10},"end":{"line":59,"column":11}},"type":"if","locations":[{"start":{"line":55,"column":10},"end":{"line":59,"column":11}},{"start":{"line":57,"column":17},"end":{"line":59,"column":11}}],"line":55},"5":{"loc":{"start":{"line":82,"column":6},"end":{"line":84,"column":7}},"type":"if","locations":[{"start":{"line":82,"column":6},"end":{"line":84,"column":7}},{"start":{},"end":{}}],"line":82},"6":{"loc":{"start":{"line":87,"column":6},"end":{"line":91,"column":7}},"type":"if","locations":[{"start":{"line":87,"column":6},"end":{"line":91,"column":7}},{"start":{},"end":{}}],"line":87},"7":{"loc":{"start":{"line":94,"column":6},"end":{"line":98,"column":7}},"type":"if","locations":[{"start":{"line":94,"column":6},"end":{"line":98,"column":7}},{"start":{},"end":{}}],"line":94},"8":{"loc":{"start":{"line":101,"column":6},"end":{"line":104,"column":7}},"type":"if","locations":[{"start":{"line":101,"column":6},"end":{"line":104,"column":7}},{"start":{},"end":{}}],"line":101},"9":{"loc":{"start":{"line":107,"column":6},"end":{"line":110,"column":7}},"type":"if","locations":[{"start":{"line":107,"column":6},"end":{"line":110,"column":7}},{"start":{},"end":{}}],"line":107},"10":{"loc":{"start":{"line":113,"column":6},"end":{"line":122,"column":7}},"type":"if","locations":[{"start":{"line":113,"column":6},"end":{"line":122,"column":7}},{"start":{},"end":{}}],"line":113},"11":{"loc":{"start":{"line":113,"column":10},"end":{"line":113,"column":76}},"type":"binary-expr","locations":[{"start":{"line":113,"column":10},"end":{"line":113,"column":44}},{"start":{"line":113,"column":48},"end":{"line":113,"column":76}}],"line":113},"12":{"loc":{"start":{"line":115,"column":8},"end":{"line":120,"column":9}},"type":"if","locations":[{"start":{"line":115,"column":8},"end":{"line":120,"column":9}},{"start":{},"end":{}}],"line":115},"13":{"loc":{"start":{"line":125,"column":6},"end":{"line":136,"column":7}},"type":"if","locations":[{"start":{"line":125,"column":6},"end":{"line":136,"column":7}},{"start":{},"end":{}}],"line":125},"14":{"loc":{"start":{"line":126,"column":8},"end":{"line":134,"column":9}},"type":"if","locations":[{"start":{"line":126,"column":8},"end":{"line":134,"column":9}},{"start":{"line":128,"column":15},"end":{"line":134,"column":9}}],"line":126},"15":{"loc":{"start":{"line":128,"column":15},"end":{"line":134,"column":9}},"type":"if","locations":[{"start":{"line":128,"column":15},"end":{"line":134,"column":9}},{"start":{"line":130,"column":15},"end":{"line":134,"column":9}}],"line":128},"16":{"loc":{"start":{"line":130,"column":15},"end":{"line":134,"column":9}},"type":"if","locations":[{"start":{"line":130,"column":15},"end":{"line":134,"column":9}},{"start":{"line":132,"column":15},"end":{"line":134,"column":9}}],"line":130},"17":{"loc":{"start":{"line":132,"column":15},"end":{"line":134,"column":9}},"type":"if","locations":[{"start":{"line":132,"column":15},"end":{"line":134,"column":9}},{"start":{},"end":{}}],"line":132},"18":{"loc":{"start":{"line":140,"column":4},"end":{"line":147,"column":5}},"type":"if","locations":[{"start":{"line":140,"column":4},"end":{"line":147,"column":5}},{"start":{},"end":{}}],"line":140},"19":{"loc":{"start":{"line":142,"column":6},"end":{"line":146,"column":7}},"type":"if","locations":[{"start":{"line":142,"column":6},"end":{"line":146,"column":7}},{"start":{"line":144,"column":13},"end":{"line":146,"column":7}}],"line":142},"20":{"loc":{"start":{"line":160,"column":22},"end":{"line":160,"column":75}},"type":"default-arg","locations":[{"start":{"line":160,"column":33},"end":{"line":160,"column":75}}],"line":160}},"s":{"0":0,"1":0,"2":0,"3":0,"4":0,"5":0,"6":0,"7":0,"8":0,"9":0,"10":0,"11":0,"12":0,"13":0,"14":0,"15":0,"16":0,"17":0,"18":0,"19":0,"20":0,"21":0,"22":0,"23":0,"24":0,"25":0,"26":0,"27":0,"28":0,"29":0,"30":0,"31":0,"32":0,"33":0,"34":0,"35":0,"36":0,"37":0,"38":0,"39":0,"40":0,"41":0,"42":0,"43":0,"44":0,"45":0,"46":0,"47":0,"48":0,"49":0,"50":0,"51":0,"52":0,"53":0,"54":0,"55":0,"56":0,"57":0,"58":0,"59":0,"60":0,"61":0,"62":0,"63":0,"64":0,"65":0,"66":0,"67":0},"f":{"0":0,"1":0},"b":{"0":[0,0],"1":[0,0],"2":[0,0],"3":[0,0],"4":[0,0],"5":[0,0],"6":[0,0],"7":[0,0],"8":[0,0],"9":[0,0],"10":[0,0],"11":[0,0],"12":[0,0],"13":[0,0],"14":[0,0],"15":[0,0],"16":[0,0],"17":[0,0],"18":[0,0],"19":[0,0],"20":[0]}}
,"C:\\Users\\Admin\\Desktop\\Kiro Week 5\\src\\searchEngine.js": {"path":"C:\\Users\\Admin\\Desktop\\Kiro Week 5\\src\\searchEngine.js","statementMap":{"0":{"start":{"line":15,"column":20},"end":{"line":15,"column":30}},"1":{"start":{"line":18,"column":2},"end":{"line":24,"column":3}},"2":{"start":{"line":19,"column":4},"end":{"line":23,"column":6}},"3":{"start":{"line":26,"column":2},"end":{"line":32,"column":3}},"4":{"start":{"line":27,"column":4},"end":{"line":31,"column":6}},"5":{"start":{"line":35,"column":26},"end":{"line":35,"column":52}},"6":{"start":{"line":38,"column":2},"end":{"line":44,"column":3}},"7":{"start":{"line":39,"column":4},"end":{"line":43,"column":6}},"8":{"start":{"line":47,"column":21},"end":{"line":47,"column":49}},"9":{"start":{"line":50,"column":23},"end":{"line":50,"column":25}},"10":{"start":{"line":51,"column":25},"end":{"line":51,"column":27}},"11":{"start":{"line":53,"column":2},"end":{"line":77,"column":3}},"12":{"start":{"line":54,"column":22},"end":{"line":54,"column":45}},"13":{"start":{"line":55,"column":28},"end":{"line":55,"column":57}},"14":{"start":{"line":58,"column":4},"end":{"line":61,"column":5}},"15":{"start":{"line":59,"column":6},"end":{"line":59,"column":30}},"16":{"start":{"line":60,"column":6},"end":{"line":60,"column":15}},"17":{"start":{"line":64,"column":25},"end":{"line":64,"column":30}},"18":{"start":{"line":67,"column":4},"end":{"line":72,"column":5}},"19":{"start":{"line":68,"column":6},"end":{"line":71,"column":7}},"20":{"start":{"line":69,"column":8},"end":{"line":69,"column":30}},"21":{"start":{"line":70,"column":8},"end":{"line":70,"column":14}},"22":{"start":{"line":74,"column":4},"end":{"line":76,"column":5}},"23":{"start":{"line":75,"column":6},"end":{"line":75,"column":32}},"24":{"start":{"line":80,"column":18},"end":{"line":80,"column":54}},"25":{"start":{"line":82,"column":2},"end":{"line":86,"column":4}},"26":{"start":{"line":89,"column":0},"end":{"line":91,"column":2}}},"fnMap":{"0":{"name":"search","decl":{"start":{"line":14,"column":9},"end":{"line":14,"column":15}},"loc":{"start":{"line":14,"column":33},"end":{"line":87,"column":1}},"line":14}},"branchMap":{"0":{"loc":{"start":{"line":18,"column":2},"end":{"line":24,"column":3}},"type":"if","locations":[{"start":{"line":18,"column":2},"end":{"line":24,"column":3}},{"start":{},"end":{}}],"line":18},"1":{"loc":{"start":{"line":18,"column":6},"end":{"line":18,"column":41}},"type":"binary-expr","locations":[{"start":{"line":18,"column":6},"end":{"line":18,"column":12}},{"start":{"line":18,"column":16},"end":{"line":18,"column":41}}],"line":18},"2":{"loc":{"start":{"line":26,"column":2},"end":{"line":32,"column":3}},"type":"if","locations":[{"start":{"line":26,"column":2},"end":{"line":32,"column":3}},{"start":{},"end":{}}],"line":26},"3":{"loc":{"start":{"line":38,"column":2},"end":{"line":44,"column":3}},"type":"if","locations":[{"start":{"line":38,"column":2},"end":{"line":44,"column":3}},{"start":{},"end":{}}],"line":38},"4":{"loc":{"start":{"line":58,"column":4},"end":{"line":61,"column":5}},"type":"if","locations":[{"start":{"line":58,"column":4},"end":{"line":61,"column":5}},{"start":{},"end":{}}],"line":58},"5":{"loc":{"start":{"line":68,"column":6},"end":{"line":71,"column":7}},"type":"if","locations":[{"start":{"line":68,"column":6},"end":{"line":71,"column":7}},{"start":{},"end":{}}],"line":68},"6":{"loc":{"start":{"line":68,"column":10},"end":{"line":68,"column":68}},"type":"binary-expr","locations":[{"start":{"line":68,"column":10},"end":{"line":68,"column":34}},{"start":{"line":68,"column":38},"end":{"line":68,"column":68}}],"line":68},"7":{"loc":{"start":{"line":74,"column":4},"end":{"line":76,"column":5}},"type":"if","locations":[{"start":{"line":74,"column":4},"end":{"line":76,"column":5}},{"start":{},"end":{}}],"line":74}},"s":{"0":0,"1":0,"2":0,"3":0,"4":0,"5":0,"6":0,"7":0,"8":0,"9":0,"10":0,"11":0,"12":0,"13":0,"14":0,"15":0,"16":0,"17":0,"18":0,"19":0,"20":0,"21":0,"22":0,"23":0,"24":0,"25":0,"26":0},"f":{"0":0},"b":{"0":[0,0],"1":[0,0],"2":[0,0],"3":[0,0],"4":[0,0],"5":[0,0],"6":[0,0],"7":[0,0]}}
,"C:\\Users\\Admin\\Desktop\\Kiro Week 5\\src\\types.js": {"path":"C:\\Users\\Admin\\Desktop\\Kiro Week 5\\src\\types.js","statementMap":{"0":{"start":{"line":49,"column":0},"end":{"line":52,"column":2}}},"fnMap":{},"branchMap":{},"s":{"0":0},"f":{},"b":{}}
,"C:\\Users\\Admin\\Desktop\\Kiro Week 5\\src\\validation.js": {"path":"C:\\Users\\Admin\\Desktop\\Kiro Week 5\\src\\validation.js","statementMap":{"0":{"start":{"line":12,"column":17},"end":{"line":12,"column":19}},"1":{"start":{"line":14,"column":2},"end":{"line":17,"column":3}},"2":{"start":{"line":15,"column":4},"end":{"line":15,"column":51}},"3":{"start":{"line":16,"column":4},"end":{"line":16,"column":38}},"4":{"start":{"line":19,"column":2},"end":{"line":21,"column":3}},"5":{"start":{"line":20,"column":4},"end":{"line":20,"column":71}},"6":{"start":{"line":23,"column":2},"end":{"line":25,"column":3}},"7":{"start":{"line":24,"column":4},"end":{"line":24,"column":78}},"8":{"start":{"line":27,"column":2},"end":{"line":30,"column":4}},"9":{"start":{"line":39,"column":17},"end":{"line":39,"column":19}},"10":{"start":{"line":41,"column":2},"end":{"line":44,"column":3}},"11":{"start":{"line":42,"column":4},"end":{"line":42,"column":54}},"12":{"start":{"line":43,"column":4},"end":{"line":43,"column":38}},"13":{"start":{"line":46,"column":2},"end":{"line":48,"column":3}},"14":{"start":{"line":47,"column":4},"end":{"line":47,"column":75}},"15":{"start":{"line":50,"column":2},"end":{"line":52,"column":3}},"16":{"start":{"line":51,"column":4},"end":{"line":51,"column":80}},"17":{"start":{"line":54,"column":2},"end":{"line":56,"column":3}},"18":{"start":{"line":55,"column":4},"end":{"line":55,"column":84}},"19":{"start":{"line":58,"column":2},"end":{"line":60,"column":3}},"20":{"start":{"line":59,"column":4},"end":{"line":59,"column":89}},"21":{"start":{"line":62,"column":2},"end":{"line":65,"column":4}},"22":{"start":{"line":74,"column":17},"end":{"line":74,"column":19}},"23":{"start":{"line":76,"column":2},"end":{"line":79,"column":3}},"24":{"start":{"line":77,"column":4},"end":{"line":77,"column":48}},"25":{"start":{"line":78,"column":4},"end":{"line":78,"column":38}},"26":{"start":{"line":82,"column":2},"end":{"line":84,"column":3}},"27":{"start":{"line":83,"column":4},"end":{"line":83,"column":63}},"28":{"start":{"line":87,"column":2},"end":{"line":89,"column":3}},"29":{"start":{"line":88,"column":4},"end":{"line":88,"column":65}},"30":{"start":{"line":92,"column":2},"end":{"line":94,"column":3}},"31":{"start":{"line":93,"column":4},"end":{"line":93,"column":71}},"32":{"start":{"line":97,"column":2},"end":{"line":99,"column":3}},"33":{"start":{"line":98,"column":4},"end":{"line":98,"column":85}},"34":{"start":{"line":102,"column":2},"end":{"line":113,"column":3}},"35":{"start":{"line":103,"column":4},"end":{"line":103,"column":68}},"36":{"start":{"line":104,"column":9},"end":{"line":113,"column":3}},"37":{"start":{"line":105,"column":4},"end":{"line":105,"column":67}},"38":{"start":{"line":107,"column":4},"end":{"line":112,"column":7}},"39":{"start":{"line":108,"column":32},"end":{"line":108,"column":61}},"40":{"start":{"line":109,"column":6},"end":{"line":111,"column":7}},"41":{"start":{"line":110,"column":8},"end":{"line":110,"column":95}},"42":{"start":{"line":116,"column":2},"end":{"line":123,"column":3}},"43":{"start":{"line":117,"column":4},"end":{"line":117,"column":66}},"44":{"start":{"line":119,"column":30},"end":{"line":119,"column":75}},"45":{"start":{"line":120,"column":4},"end":{"line":122,"column":5}},"46":{"start":{"line":121,"column":6},"end":{"line":121,"column":78}},"47":{"start":{"line":126,"column":2},"end":{"line":128,"column":3}},"48":{"start":{"line":127,"column":4},"end":{"line":127,"column":77}},"49":{"start":{"line":130,"column":2},"end":{"line":132,"column":3}},"50":{"start":{"line":131,"column":4},"end":{"line":131,"column":77}},"51":{"start":{"line":134,"column":2},"end":{"line":137,"column":4}},"52":{"start":{"line":146,"column":17},"end":{"line":146,"column":19}},"53":{"start":{"line":148,"column":2},"end":{"line":151,"column":3}},"54":{"start":{"line":149,"column":4},"end":{"line":149,"column":51}},"55":{"start":{"line":150,"column":4},"end":{"line":150,"column":38}},"56":{"start":{"line":153,"column":2},"end":{"line":155,"column":3}},"57":{"start":{"line":154,"column":4},"end":{"line":154,"column":74}},"58":{"start":{"line":157,"column":2},"end":{"line":159,"column":3}},"59":{"start":{"line":158,"column":4},"end":{"line":158,"column":86}},"60":{"start":{"line":161,"column":2},"end":{"line":170,"column":3}},"61":{"start":{"line":162,"column":4},"end":{"line":162,"column":65}},"62":{"start":{"line":164,"column":4},"end":{"line":169,"column":7}},"63":{"start":{"line":165,"column":29},"end":{"line":165,"column":52}},"64":{"start":{"line":166,"column":6},"end":{"line":168,"column":7}},"65":{"start":{"line":167,"column":8},"end":{"line":167,"column":85}},"66":{"start":{"line":172,"column":2},"end":{"line":174,"column":3}},"67":{"start":{"line":173,"column":4},"end":{"line":173,"column":88}},"68":{"start":{"line":176,"column":2},"end":{"line":179,"column":4}},"69":{"start":{"line":188,"column":17},"end":{"line":188,"column":19}},"70":{"start":{"line":190,"column":2},"end":{"line":193,"column":3}},"71":{"start":{"line":191,"column":4},"end":{"line":191,"column":51}},"72":{"start":{"line":192,"column":4},"end":{"line":192,"column":38}},"73":{"start":{"line":195,"column":2},"end":{"line":197,"column":3}},"74":{"start":{"line":196,"column":4},"end":{"line":196,"column":78}},"75":{"start":{"line":199,"column":2},"end":{"line":201,"column":3}},"76":{"start":{"line":200,"column":4},"end":{"line":200,"column":79}},"77":{"start":{"line":203,"column":2},"end":{"line":205,"column":3}},"78":{"start":{"line":204,"column":4},"end":{"line":204,"column":84}},"79":{"start":{"line":207,"column":2},"end":{"line":209,"column":3}},"80":{"start":{"line":208,"column":4},"end":{"line":208,"column":84}},"81":{"start":{"line":211,"column":2},"end":{"line":220,"column":3}},"82":{"start":{"line":212,"column":4},"end":{"line":212,"column":63}},"83":{"start":{"line":214,"column":4},"end":{"line":219,"column":7}},"84":{"start":{"line":215,"column":29},"end":{"line":215,"column":52}},"85":{"start":{"line":216,"column":6},"end":{"line":218,"column":7}},"86":{"start":{"line":217,"column":8},"end":{"line":217,"column":83}},"87":{"start":{"line":222,"column":2},"end":{"line":225,"column":4}},"88":{"start":{"line":228,"column":0},"end":{"line":234,"column":2}}},"fnMap":{"0":{"name":"validateUsageExample","decl":{"start":{"line":11,"column":9},"end":{"line":11,"column":29}},"loc":{"start":{"line":11,"column":39},"end":{"line":31,"column":1}},"line":11},"1":{"name":"validateCulturalContext","decl":{"start":{"line":38,"column":9},"end":{"line":38,"column":32}},"loc":{"start":{"line":38,"column":42},"end":{"line":66,"column":1}},"line":38},"2":{"name":"validateSlangTerm","decl":{"start":{"line":73,"column":9},"end":{"line":73,"column":26}},"loc":{"start":{"line":73,"column":33},"end":{"line":138,"column":1}},"line":73},"3":{"name":"(anonymous_3)","decl":{"start":{"line":107,"column":31},"end":{"line":107,"column":32}},"loc":{"start":{"line":107,"column":51},"end":{"line":112,"column":5}},"line":107},"4":{"name":"validateSearchResult","decl":{"start":{"line":145,"column":9},"end":{"line":145,"column":29}},"loc":{"start":{"line":145,"column":38},"end":{"line":180,"column":1}},"line":145},"5":{"name":"(anonymous_5)","decl":{"start":{"line":164,"column":27},"end":{"line":164,"column":28}},"loc":{"start":{"line":164,"column":44},"end":{"line":169,"column":5}},"line":164},"6":{"name":"validateBrowseResult","decl":{"start":{"line":187,"column":9},"end":{"line":187,"column":29}},"loc":{"start":{"line":187,"column":38},"end":{"line":226,"column":1}},"line":187},"7":{"name":"(anonymous_7)","decl":{"start":{"line":214,"column":25},"end":{"line":214,"column":26}},"loc":{"start":{"line":214,"column":42},"end":{"line":219,"column":5}},"line":214}},"branchMap":{"0":{"loc":{"start":{"line":14,"column":2},"end":{"line":17,"column":3}},"type":"if","locations":[{"start":{"line":14,"column":2},"end":{"line":17,"column":3}},{"start":{},"end":{}}],"line":14},"1":{"loc":{"start":{"line":14,"column":6},"end":{"line":14,"column":45}},"type":"binary-expr","locations":[{"start":{"line":14,"column":6},"end":{"line":14,"column":14}},{"start":{"line":14,"column":18},"end":{"line":14,"column":45}}],"line":14},"2":{"loc":{"start":{"line":19,"column":2},"end":{"line":21,"column":3}},"type":"if","locations":[{"start":{"line":19,"column":2},"end":{"line":21,"column":3}},{"start":{},"end":{}}],"line":19},"3":{"loc":{"start":{"line":19,"column":6},"end":{"line":19,"column":94}},"type":"binary-expr","locations":[{"start":{"line":19,"column":6},"end":{"line":19,"column":22}},{"start":{"line":19,"column":26},"end":{"line":19,"column":61}},{"start":{"line":19,"column":65},"end":{"line":19,"column":94}}],"line":19},"4":{"loc":{"start":{"line":23,"column":2},"end":{"line":25,"column":3}},"type":"if","locations":[{"start":{"line":23,"column":2},"end":{"line":25,"column":3}},{"start":{},"end":{}}],"line":23},"5":{"loc":{"start":{"line":23,"column":6},"end":{"line":23,"column":74}},"type":"binary-expr","locations":[{"start":{"line":23,"column":6},"end":{"line":23,"column":35}},{"start":{"line":23,"column":39},"end":{"line":23,"column":74}}],"line":23},"6":{"loc":{"start":{"line":41,"column":2},"end":{"line":44,"column":3}},"type":"if","locations":[{"start":{"line":41,"column":2},"end":{"line":44,"column":3}},{"start":{},"end":{}}],"line":41},"7":{"loc":{"start":{"line":41,"column":6},"end":{"line":41,"column":45}},"type":"binary-expr","locations":[{"start":{"line":41,"column":6},"end":{"line":41,"column":14}},{"start":{"line":41,"column":18},"end":{"line":41,"column":45}}],"line":41},"8":{"loc":{"start":{"line":46,"column":2},"end":{"line":48,"column":3}},"type":"if","locations":[{"start":{"line":46,"column":2},"end":{"line":48,"column":3}},{"start":{},"end":{}}],"line":46},"9":{"loc":{"start":{"line":46,"column":6},"end":{"line":46,"column":97}},"type":"binary-expr","locations":[{"start":{"line":46,"column":6},"end":{"line":46,"column":23}},{"start":{"line":46,"column":27},"end":{"line":46,"column":63}},{"start":{"line":46,"column":67},"end":{"line":46,"column":97}}],"line":46},"10":{"loc":{"start":{"line":50,"column":2},"end":{"line":52,"column":3}},"type":"if","locations":[{"start":{"line":50,"column":2},"end":{"line":52,"column":3}},{"start":{},"end":{}}],"line":50},"11":{"loc":{"start":{"line":50,"column":6},"end":{"line":50,"column":112}},"type":"binary-expr","locations":[{"start":{"line":50,"column":6},"end":{"line":50,"column":28}},{"start":{"line":50,"column":32},"end":{"line":50,"column":73}},{"start":{"line":50,"column":77},"end":{"line":50,"column":112}}],"line":50},"12":{"loc":{"start":{"line":54,"column":2},"end":{"line":56,"column":3}},"type":"if","locations":[{"start":{"line":54,"column":2},"end":{"line":56,"column":3}},{"start":{},"end":{}}],"line":54},"13":{"loc":{"start":{"line":54,"column":6},"end":{"line":54,"column":124}},"type":"binary-expr","locations":[{"start":{"line":54,"column":6},"end":{"line":54,"column":32}},{"start":{"line":54,"column":36},"end":{"line":54,"column":81}},{"start":{"line":54,"column":85},"end":{"line":54,"column":124}}],"line":54},"14":{"loc":{"start":{"line":58,"column":2},"end":{"line":60,"column":3}},"type":"if","locations":[{"start":{"line":58,"column":2},"end":{"line":60,"column":3}},{"start":{},"end":{}}],"line":58},"15":{"loc":{"start":{"line":58,"column":6},"end":{"line":58,"column":90}},"type":"binary-expr","locations":[{"start":{"line":58,"column":6},"end":{"line":58,"column":43}},{"start":{"line":58,"column":47},"end":{"line":58,"column":90}}],"line":58},"16":{"loc":{"start":{"line":76,"column":2},"end":{"line":79,"column":3}},"type":"if","locations":[{"start":{"line":76,"column":2},"end":{"line":79,"column":3}},{"start":{},"end":{}}],"line":76},"17":{"loc":{"start":{"line":76,"column":6},"end":{"line":76,"column":39}},"type":"binary-expr","locations":[{"start":{"line":76,"column":6},"end":{"line":76,"column":11}},{"start":{"line":76,"column":15},"end":{"line":76,"column":39}}],"line":76},"18":{"loc":{"start":{"line":82,"column":2},"end":{"line":84,"column":3}},"type":"if","locations":[{"start":{"line":82,"column":2},"end":{"line":84,"column":3}},{"start":{},"end":{}}],"line":82},"19":{"loc":{"start":{"line":82,"column":6},"end":{"line":82,"column":70}},"type":"binary-expr","locations":[{"start":{"line":82,"column":6},"end":{"line":82,"column":14}},{"start":{"line":82,"column":18},"end":{"line":82,"column":45}},{"start":{"line":82,"column":49},"end":{"line":82,"column":70}}],"line":82},"20":{"loc":{"start":{"line":87,"column":2},"end":{"line":89,"column":3}},"type":"if","locations":[{"start":{"line":87,"column":2},"end":{"line":89,"column":3}},{"start":{},"end":{}}],"line":87},"21":{"loc":{"start":{"line":87,"column":6},"end":{"line":87,"column":76}},"type":"binary-expr","locations":[{"start":{"line":87,"column":6},"end":{"line":87,"column":16}},{"start":{"line":87,"column":20},"end":{"line":87,"column":49}},{"start":{"line":87,"column":53},"end":{"line":87,"column":76}}],"line":87},"22":{"loc":{"start":{"line":92,"column":2},"end":{"line":94,"column":3}},"type":"if","locations":[{"start":{"line":92,"column":2},"end":{"line":94,"column":3}},{"start":{},"end":{}}],"line":92},"23":{"loc":{"start":{"line":92,"column":6},"end":{"line":92,"column":94}},"type":"binary-expr","locations":[{"start":{"line":92,"column":6},"end":{"line":92,"column":22}},{"start":{"line":92,"column":26},"end":{"line":92,"column":61}},{"start":{"line":92,"column":65},"end":{"line":92,"column":94}}],"line":92},"24":{"loc":{"start":{"line":97,"column":2},"end":{"line":99,"column":3}},"type":"if","locations":[{"start":{"line":97,"column":2},"end":{"line":99,"column":3}},{"start":{},"end":{}}],"line":97},"25":{"loc":{"start":{"line":97,"column":6},"end":{"line":97,"column":88}},"type":"binary-expr","locations":[{"start":{"line":97,"column":6},"end":{"line":97,"column":42}},{"start":{"line":97,"column":46},"end":{"line":97,"column":88}}],"line":97},"26":{"loc":{"start":{"line":102,"column":2},"end":{"line":113,"column":3}},"type":"if","locations":[{"start":{"line":102,"column":2},"end":{"line":113,"column":3}},{"start":{"line":104,"column":9},"end":{"line":113,"column":3}}],"line":102},"27":{"loc":{"start":{"line":104,"column":9},"end":{"line":113,"column":3}},"type":"if","locations":[{"start":{"line":104,"column":9},"end":{"line":113,"column":3}},{"start":{"line":106,"column":9},"end":{"line":113,"column":3}}],"line":104},"28":{"loc":{"start":{"line":109,"column":6},"end":{"line":111,"column":7}},"type":"if","locations":[{"start":{"line":109,"column":6},"end":{"line":111,"column":7}},{"start":{},"end":{}}],"line":109},"29":{"loc":{"start":{"line":116,"column":2},"end":{"line":123,"column":3}},"type":"if","locations":[{"start":{"line":116,"column":2},"end":{"line":123,"column":3}},{"start":{"line":118,"column":9},"end":{"line":123,"column":3}}],"line":116},"30":{"loc":{"start":{"line":120,"column":4},"end":{"line":122,"column":5}},"type":"if","locations":[{"start":{"line":120,"column":4},"end":{"line":122,"column":5}},{"start":{},"end":{}}],"line":120},"31":{"loc":{"start":{"line":126,"column":2},"end":{"line":128,"column":3}},"type":"if","locations":[{"start":{"line":126,"column":2},"end":{"line":128,"column":3}},{"start":{},"end":{}}],"line":126},"32":{"loc":{"start":{"line":126,"column":6},"end":{"line":126,"column":72}},"type":"binary-expr","locations":[{"start":{"line":126,"column":6},"end":{"line":126,"column":34}},{"start":{"line":126,"column":38},"end":{"line":126,"column":72}}],"line":126},"33":{"loc":{"start":{"line":130,"column":2},"end":{"line":132,"column":3}},"type":"if","locations":[{"start":{"line":130,"column":2},"end":{"line":132,"column":3}},{"start":{},"end":{}}],"line":130},"34":{"loc":{"start":{"line":130,"column":6},"end":{"line":130,"column":72}},"type":"binary-expr","locations":[{"start":{"line":130,"column":6},"end":{"line":130,"column":34}},{"start":{"line":130,"column":38},"end":{"line":130,"column":72}}],"line":130},"35":{"loc":{"start":{"line":148,"column":2},"end":{"line":151,"column":3}},"type":"if","locations":[{"start":{"line":148,"column":2},"end":{"line":151,"column":3}},{"start":{},"end":{}}],"line":148},"36":{"loc":{"start":{"line":148,"column":6},"end":{"line":148,"column":43}},"type":"binary-expr","locations":[{"start":{"line":148,"column":6},"end":{"line":148,"column":13}},{"start":{"line":148,"column":17},"end":{"line":148,"column":43}}],"line":148},"37":{"loc":{"start":{"line":153,"column":2},"end":{"line":155,"column":3}},"type":"if","locations":[{"start":{"line":153,"column":2},"end":{"line":155,"column":3}},{"start":{},"end":{}}],"line":153},"38":{"loc":{"start":{"line":157,"column":2},"end":{"line":159,"column":3}},"type":"if","locations":[{"start":{"line":157,"column":2},"end":{"line":159,"column":3}},{"start":{},"end":{}}],"line":157},"39":{"loc":{"start":{"line":157,"column":6},"end":{"line":157,"column":72}},"type":"binary-expr","locations":[{"start":{"line":157,"column":6},"end":{"line":157,"column":45}},{"start":{"line":157,"column":49},"end":{"line":157,"column":72}}],"line":157},"40":{"loc":{"start":{"line":161,"column":2},"end":{"line":170,"column":3}},"type":"if","locations":[{"start":{"line":161,"column":2},"end":{"line":170,"column":3}},{"start":{"line":163,"column":9},"end":{"line":170,"column":3}}],"line":161},"41":{"loc":{"start":{"line":166,"column":6},"end":{"line":168,"column":7}},"type":"if","locations":[{"start":{"line":166,"column":6},"end":{"line":168,"column":7}},{"start":{},"end":{}}],"line":166},"42":{"loc":{"start":{"line":172,"column":2},"end":{"line":174,"column":3}},"type":"if","locations":[{"start":{"line":172,"column":2},"end":{"line":174,"column":3}},{"start":{},"end":{}}],"line":172},"43":{"loc":{"start":{"line":172,"column":6},"end":{"line":172,"column":74}},"type":"binary-expr","locations":[{"start":{"line":172,"column":6},"end":{"line":172,"column":46}},{"start":{"line":172,"column":50},"end":{"line":172,"column":74}}],"line":172},"44":{"loc":{"start":{"line":190,"column":2},"end":{"line":193,"column":3}},"type":"if","locations":[{"start":{"line":190,"column":2},"end":{"line":193,"column":3}},{"start":{},"end":{}}],"line":190},"45":{"loc":{"start":{"line":190,"column":6},"end":{"line":190,"column":43}},"type":"binary-expr","locations":[{"start":{"line":190,"column":6},"end":{"line":190,"column":13}},{"start":{"line":190,"column":17},"end":{"line":190,"column":43}}],"line":190},"46":{"loc":{"start":{"line":195,"column":2},"end":{"line":197,"column":3}},"type":"if","locations":[{"start":{"line":195,"column":2},"end":{"line":197,"column":3}},{"start":{},"end":{}}],"line":195},"47":{"loc":{"start":{"line":195,"column":6},"end":{"line":195,"column":56}},"type":"binary-expr","locations":[{"start":{"line":195,"column":6},"end":{"line":195,"column":37}},{"start":{"line":195,"column":41},"end":{"line":195,"column":56}}],"line":195},"48":{"loc":{"start":{"line":199,"column":2},"end":{"line":201,"column":3}},"type":"if","locations":[{"start":{"line":199,"column":2},"end":{"line":201,"column":3}},{"start":{},"end":{}}],"line":199},"49":{"loc":{"start":{"line":199,"column":6},"end":{"line":199,"column":58}},"type":"binary-expr","locations":[{"start":{"line":199,"column":6},"end":{"line":199,"column":38}},{"start":{"line":199,"column":42},"end":{"line":199,"column":58}}],"line":199},"50":{"loc":{"start":{"line":203,"column":2},"end":{"line":205,"column":3}},"type":"if","locations":[{"start":{"line":203,"column":2},"end":{"line":205,"column":3}},{"start":{},"end":{}}],"line":203},"51":{"loc":{"start":{"line":203,"column":6},"end":{"line":203,"column":68}},"type":"binary-expr","locations":[{"start":{"line":203,"column":6},"end":{"line":203,"column":43}},{"start":{"line":203,"column":47},"end":{"line":203,"column":68}}],"line":203},"52":{"loc":{"start":{"line":207,"column":2},"end":{"line":209,"column":3}},"type":"if","locations":[{"start":{"line":207,"column":2},"end":{"line":209,"column":3}},{"start":{},"end":{}}],"line":207},"53":{"loc":{"start":{"line":207,"column":6},"end":{"line":207,"column":68}},"type":"binary-expr","locations":[{"start":{"line":207,"column":6},"end":{"line":207,"column":43}},{"start":{"line":207,"column":47},"end":{"line":207,"column":68}}],"line":207},"54":{"loc":{"start":{"line":211,"column":2},"end":{"line":220,"column":3}},"type":"if","locations":[{"start":{"line":211,"column":2},"end":{"line":220,"column":3}},{"start":{"line":213,"column":9},"end":{"line":220,"column":3}}],"line":211},"55":{"loc":{"start":{"line":216,"column":6},"end":{"line":218,"column":7}},"type":"if","locations":[{"start":{"line":216,"column":6},"end":{"line":218,"column":7}},{"start":{},"end":{}}],"line":216}},"s":{"0":0,"1":0,"2":0,"3":0,"4":0,"5":0,"6":0,"7":0,"8":0,"9":0,"10":0,"11":0,"12":0,"13":0,"14":0,"15":0,"16":0,"17":0,"18":0,"19":0,"20":0,"21":0,"22":0,"23":0,"24":0,"25":0,"26":0,"27":0,"28":0,"29":0,"30":0,"31":0,"32":0,"33":0,"34":0,"35":0,"36":0,"37":0,"38":0,"39":0,"40":0,"41":0,"42":0,"43":0,"44":0,"45":0,"46":0,"47":0,"48":0,"49":0,"50":0,"51":0,"52":0,"53":0,"54":0,"55":0,"56":0,"57":0,"58":0,"59":0,"60":0,"61":0,"62":0,"63":0,"64":0,"65":0,"66":0,"67":0,"68":0,"69":0,"70":0,"71":0,"72":0,"73":0,"74":0,"75":0,"76":0,"77":0,"78":0,"79":0,"80":0,"81":0,"82":0,"83":0,"84":0,"85":0,"86":0,"87":0,"88":0},"f":{"0":0,"1":0,"2":0,"3":0,"4":0,"5":0,"6":0,"7":0},"b":{"0":[0,0],"1":[0,0],"2":[0,0],"3":[0,0,0],"4":[0,0],"5":[0,0],"6":[0,0],"7":[0,0],"8":[0,0],"9":[0,0,0],"10":[0,0],"11":[0,0,0],"12":[0,0],"13":[0,0,0],"14":[0,0],"15":[0,0],"16":[0,0],"17":[0,0],"18":[0,0],"19":[0,0,0],"20":[0,0],"21":[0,0,0],"22":[0,0],"23":[0,0,0],"24":[0,0],"25":[0,0],"26":[0,0],"27":[0,0],"28":[0,0],"29":[0,0],"30":[0,0],"31":[0,0],"32":[0,0],"33":[0,0],"34":[0,0],"35":[0,0],"36":[0,0],"37":[0,0],"38":[0,0],"39":[0,0],"40":[0,0],"41":[0,0],"42":[0,0],"43":[0,0],"44":[0,0],"45":[0,0],"46":[0,0],"47":[0,0],"48":[0,0],"49":[0,0],"50":[0,0],"51":[0,0],"52":[0,0],"53":[0,0],"54":[0,0],"55":[0,0]}}
}
