TN:
SF:src\browseEngine.js
FN:11,browse
FN:18,(anonymous_1)
FN:32,paginate
FN:79,getTermCount
FNF:4
FNH:4
FNDA:291,browse
FNDA:3021,(anonymous_1)
FNDA:183,paginate
FNDA:106,getTermCount
DA:13,291
DA:14,2
DA:18,289
DA:19,3021
DA:20,3021
DA:21,3021
DA:34,183
DA:35,1
DA:45,182
DA:46,182
DA:49,182
DA:52,182
DA:53,182
DA:56,182
DA:59,182
DA:60,182
DA:63,182
DA:65,182
DA:80,106
DA:81,2
DA:83,104
DA:86,1
LF:22
LH:22
BRDA:13,0,0,2
BRDA:13,0,1,289
BRDA:32,1,0,1
BRDA:32,2,0,1
BRDA:34,3,0,1
BRDA:34,3,1,182
BRDA:80,4,0,2
BRDA:80,4,1,104
BRF:8
BRH:8
end_of_record
TN:
SF:src\dataLoader.js
FN:28,parseProductMarkdown
FN:160,loadDatabase
FNF:2
FNH:0
FNDA:0,parseProductMarkdown
FNDA:0,loadDatabase
DA:6,0
DA:7,0
DA:8,0
DA:29,0
DA:30,0
DA:32,0
DA:34,0
DA:35,0
DA:37,0
DA:38,0
DA:39,0
DA:41,0
DA:42,0
DA:43,0
DA:46,0
DA:47,0
DA:51,0
DA:53,0
DA:54,0
DA:55,0
DA:56,0
DA:58,0
DA:63,0
DA:64,0
DA:65,0
DA:77,0
DA:78,0
DA:82,0
DA:83,0
DA:87,0
DA:88,0
DA:89,0
DA:90,0
DA:94,0
DA:95,0
DA:96,0
DA:97,0
DA:101,0
DA:102,0
DA:103,0
DA:107,0
DA:108,0
DA:109,0
DA:113,0
DA:114,0
DA:115,0
DA:116,0
DA:121,0
DA:125,0
DA:126,0
DA:127,0
DA:128,0
DA:129,0
DA:130,0
DA:131,0
DA:132,0
DA:133,0
DA:135,0
DA:140,0
DA:141,0
DA:142,0
DA:143,0
DA:145,0
DA:149,0
DA:152,0
DA:161,0
DA:164,0
LF:67
LH:0
BRDA:46,0,0,0
BRDA:46,0,1,0
BRDA:46,1,0,0
BRDA:46,1,1,0
BRDA:51,2,0,0
BRDA:51,2,1,0
BRDA:53,3,0,0
BRDA:53,3,1,0
BRDA:55,4,0,0
BRDA:55,4,1,0
BRDA:82,5,0,0
BRDA:82,5,1,0
BRDA:87,6,0,0
BRDA:87,6,1,0
BRDA:94,7,0,0
BRDA:94,7,1,0
BRDA:101,8,0,0
BRDA:101,8,1,0
BRDA:107,9,0,0
BRDA:107,9,1,0
BRDA:113,10,0,0
BRDA:113,10,1,0
BRDA:113,11,0,0
BRDA:113,11,1,0
BRDA:115,12,0,0
BRDA:115,12,1,0
BRDA:125,13,0,0
BRDA:125,13,1,0
BRDA:126,14,0,0
BRDA:126,14,1,0
BRDA:128,15,0,0
BRDA:128,15,1,0
BRDA:130,16,0,0
BRDA:130,16,1,0
BRDA:132,17,0,0
BRDA:132,17,1,0
BRDA:140,18,0,0
BRDA:140,18,1,0
BRDA:142,19,0,0
BRDA:142,19,1,0
BRDA:160,20,0,0
BRF:41
BRH:0
end_of_record
TN:
SF:src\searchEngine.js
FN:14,search
FNF:1
FNH:0
FNDA:0,search
DA:15,0
DA:18,0
DA:19,0
DA:26,0
DA:27,0
DA:35,0
DA:38,0
DA:39,0
DA:47,0
DA:50,0
DA:51,0
DA:53,0
DA:54,0
DA:55,0
DA:58,0
DA:59,0
DA:60,0
DA:64,0
DA:67,0
DA:68,0
DA:69,0
DA:70,0
DA:74,0
DA:75,0
DA:80,0
DA:82,0
DA:89,0
LF:27
LH:0
BRDA:18,0,0,0
BRDA:18,0,1,0
BRDA:18,1,0,0
BRDA:18,1,1,0
BRDA:26,2,0,0
BRDA:26,2,1,0
BRDA:38,3,0,0
BRDA:38,3,1,0
BRDA:58,4,0,0
BRDA:58,4,1,0
BRDA:68,5,0,0
BRDA:68,5,1,0
BRDA:68,6,0,0
BRDA:68,6,1,0
BRDA:74,7,0,0
BRDA:74,7,1,0
BRF:16
BRH:0
end_of_record
TN:
SF:src\types.js
FNF:0
FNH:0
DA:49,0
LF:1
LH:0
BRF:0
BRH:0
end_of_record
TN:
SF:src\validation.js
FN:11,validateUsageExample
FN:38,validateCulturalContext
FN:73,validateSlangTerm
FN:107,(anonymous_3)
FN:145,validateSearchResult
FN:164,(anonymous_5)
FN:187,validateBrowseResult
FN:214,(anonymous_7)
FNF:8
FNH:0
FNDA:0,validateUsageExample
FNDA:0,validateCulturalContext
FNDA:0,validateSlangTerm
FNDA:0,(anonymous_3)
FNDA:0,validateSearchResult
FNDA:0,(anonymous_5)
FNDA:0,validateBrowseResult
FNDA:0,(anonymous_7)
DA:12,0
DA:14,0
DA:15,0
DA:16,0
DA:19,0
DA:20,0
DA:23,0
DA:24,0
DA:27,0
DA:39,0
DA:41,0
DA:42,0
DA:43,0
DA:46,0
DA:47,0
DA:50,0
DA:51,0
DA:54,0
DA:55,0
DA:58,0
DA:59,0
DA:62,0
DA:74,0
DA:76,0
DA:77,0
DA:78,0
DA:82,0
DA:83,0
DA:87,0
DA:88,0
DA:92,0
DA:93,0
DA:97,0
DA:98,0
DA:102,0
DA:103,0
DA:104,0
DA:105,0
DA:107,0
DA:108,0
DA:109,0
DA:110,0
DA:116,0
DA:117,0
DA:119,0
DA:120,0
DA:121,0
DA:126,0
DA:127,0
DA:130,0
DA:131,0
DA:134,0
DA:146,0
DA:148,0
DA:149,0
DA:150,0
DA:153,0
DA:154,0
DA:157,0
DA:158,0
DA:161,0
DA:162,0
DA:164,0
DA:165,0
DA:166,0
DA:167,0
DA:172,0
DA:173,0
DA:176,0
DA:188,0
DA:190,0
DA:191,0
DA:192,0
DA:195,0
DA:196,0
DA:199,0
DA:200,0
DA:203,0
DA:204,0
DA:207,0
DA:208,0
DA:211,0
DA:212,0
DA:214,0
DA:215,0
DA:216,0
DA:217,0
DA:222,0
DA:228,0
LF:89
LH:0
BRDA:14,0,0,0
BRDA:14,0,1,0
BRDA:14,1,0,0
BRDA:14,1,1,0
BRDA:19,2,0,0
BRDA:19,2,1,0
BRDA:19,3,0,0
BRDA:19,3,1,0
BRDA:19,3,2,0
BRDA:23,4,0,0
BRDA:23,4,1,0
BRDA:23,5,0,0
BRDA:23,5,1,0
BRDA:41,6,0,0
BRDA:41,6,1,0
BRDA:41,7,0,0
BRDA:41,7,1,0
BRDA:46,8,0,0
BRDA:46,8,1,0
BRDA:46,9,0,0
BRDA:46,9,1,0
BRDA:46,9,2,0
BRDA:50,10,0,0
BRDA:50,10,1,0
BRDA:50,11,0,0
BRDA:50,11,1,0
BRDA:50,11,2,0
BRDA:54,12,0,0
BRDA:54,12,1,0
BRDA:54,13,0,0
BRDA:54,13,1,0
BRDA:54,13,2,0
BRDA:58,14,0,0
BRDA:58,14,1,0
BRDA:58,15,0,0
BRDA:58,15,1,0
BRDA:76,16,0,0
BRDA:76,16,1,0
BRDA:76,17,0,0
BRDA:76,17,1,0
BRDA:82,18,0,0
BRDA:82,18,1,0
BRDA:82,19,0,0
BRDA:82,19,1,0
BRDA:82,19,2,0
BRDA:87,20,0,0
BRDA:87,20,1,0
BRDA:87,21,0,0
BRDA:87,21,1,0
BRDA:87,21,2,0
BRDA:92,22,0,0
BRDA:92,22,1,0
BRDA:92,23,0,0
BRDA:92,23,1,0
BRDA:92,23,2,0
BRDA:97,24,0,0
BRDA:97,24,1,0
BRDA:97,25,0,0
BRDA:97,25,1,0
BRDA:102,26,0,0
BRDA:102,26,1,0
BRDA:104,27,0,0
BRDA:104,27,1,0
BRDA:109,28,0,0
BRDA:109,28,1,0
BRDA:116,29,0,0
BRDA:116,29,1,0
BRDA:120,30,0,0
BRDA:120,30,1,0
BRDA:126,31,0,0
BRDA:126,31,1,0
BRDA:126,32,0,0
BRDA:126,32,1,0
BRDA:130,33,0,0
BRDA:130,33,1,0
BRDA:130,34,0,0
BRDA:130,34,1,0
BRDA:148,35,0,0
BRDA:148,35,1,0
BRDA:148,36,0,0
BRDA:148,36,1,0
BRDA:153,37,0,0
BRDA:153,37,1,0
BRDA:157,38,0,0
BRDA:157,38,1,0
BRDA:157,39,0,0
BRDA:157,39,1,0
BRDA:161,40,0,0
BRDA:161,40,1,0
BRDA:166,41,0,0
BRDA:166,41,1,0
BRDA:172,42,0,0
BRDA:172,42,1,0
BRDA:172,43,0,0
BRDA:172,43,1,0
BRDA:190,44,0,0
BRDA:190,44,1,0
BRDA:190,45,0,0
BRDA:190,45,1,0
BRDA:195,46,0,0
BRDA:195,46,1,0
BRDA:195,47,0,0
BRDA:195,47,1,0
BRDA:199,48,0,0
BRDA:199,48,1,0
BRDA:199,49,0,0
BRDA:199,49,1,0
BRDA:203,50,0,0
BRDA:203,50,1,0
BRDA:203,51,0,0
BRDA:203,51,1,0
BRDA:207,52,0,0
BRDA:207,52,1,0
BRDA:207,53,0,0
BRDA:207,53,1,0
BRDA:211,54,0,0
BRDA:211,54,1,0
BRDA:216,55,0,0
BRDA:216,55,1,0
BRF:119
BRH:0
end_of_record
